<?xml version="1.0" encoding="UTF-8"?>
<testsuite xmlns:xsi="http://www.w3.org/2001/XMLSchema-instance" xsi:noNamespaceSchemaLocation="https://maven.apache.org/surefire/maven-surefire-plugin/xsd/surefire-test-report.xsd" name="main.AppTest" time="0.048" tests="1" errors="0" skipped="0" failures="0">
  <properties>
    <property name="java.specification.version" value="17"/>
    <property name="sun.cpu.isalist" value="amd64"/>
    <property name="sun.jnu.encoding" value="Cp1252"/>
    <property name="java.class.path" value="C:\Users\azhel\Documents\MainProjectFolder\class-2018-projects-java-AVZhelyazkov18-main\class-2018-projects-java-AVZhelyazkov18-main\MainProject\target\test-classes;C:\Users\azhel\Documents\MainProjectFolder\class-2018-projects-java-AVZhelyazkov18-main\class-2018-projects-java-AVZhelyazkov18-main\MainProject\target\classes;C:\Users\azhel\.m2\repository\junit\junit\4.13.2\junit-4.13.2.jar;C:\Users\azhel\.m2\repository\org\hamcrest\hamcrest-core\1.3\hamcrest-core-1.3.jar;C:\Users\azhel\.m2\repository\com\microsoft\sqlserver\mssql-jdbc\10.2.1.jre11\mssql-jdbc-10.2.1.jre11.jar;"/>
    <property name="java.vm.vendor" value="Oracle Corporation"/>
    <property name="sun.arch.data.model" value="64"/>
    <property name="user.variant" value=""/>
    <property name="java.vendor.url" value="https://java.oracle.com/"/>
    <property name="user.timezone" value="Europe/Kiev"/>
    <property name="os.name" value="Windows 10"/>
    <property name="java.vm.specification.version" value="17"/>
    <property name="sun.java.launcher" value="SUN_STANDARD"/>
    <property name="user.country" value="US"/>
    <property name="sun.boot.library.path" value="C:\Users\azhel\.jdks\openjdk-17\bin"/>
    <property name="sun.java.command" value="C:\Users\azhel\AppData\Local\Temp\surefire10739370997659952646\surefirebooter2445825019992920107.jar C:\Users\azhel\AppData\Local\Temp\surefire10739370997659952646 2022-06-01T09-55-29_193-jvmRun1 surefire14341574532904542293tmp surefire_012621919426019389180tmp"/>
    <property name="jdk.debug" value="release"/>
    <property name="surefire.test.class.path" value="C:\Users\azhel\Documents\MainProjectFolder\class-2018-projects-java-AVZhelyazkov18-main\class-2018-projects-java-AVZhelyazkov18-main\MainProject\target\test-classes;C:\Users\azhel\Documents\MainProjectFolder\class-2018-projects-java-AVZhelyazkov18-main\class-2018-projects-java-AVZhelyazkov18-main\MainProject\target\classes;C:\Users\azhel\.m2\repository\junit\junit\4.13.2\junit-4.13.2.jar;C:\Users\azhel\.m2\repository\org\hamcrest\hamcrest-core\1.3\hamcrest-core-1.3.jar;C:\Users\azhel\.m2\repository\com\microsoft\sqlserver\mssql-jdbc\10.2.1.jre11\mssql-jdbc-10.2.1.jre11.jar;"/>
    <property name="sun.cpu.endian" value="little"/>
    <property name="user.home" value="C:\Users\azhel"/>
    <property name="user.language" value="en"/>
    <property name="java.specification.vendor" value="Oracle Corporation"/>
    <property name="java.version.date" value="2021-09-14"/>
    <property name="java.home" value="C:\Users\azhel\.jdks\openjdk-17"/>
    <property name="file.separator" value="\"/>
    <property name="basedir" value="C:\Users\azhel\Documents\MainProjectFolder\class-2018-projects-java-AVZhelyazkov18-main\class-2018-projects-java-AVZhelyazkov18-main\MainProject"/>
    <property name="java.vm.compressedOopsMode" value="Zero based"/>
    <property name="line.separator" value="&#10;"/>
    <property name="java.vm.specification.vendor" value="Oracle Corporation"/>
    <property name="java.specification.name" value="Java Platform API Specification"/>
    <property name="surefire.real.class.path" value="C:\Users\azhel\AppData\Local\Temp\surefire10739370997659952646\surefirebooter2445825019992920107.jar"/>
    <property name="user.script" value=""/>
    <property name="sun.management.compiler" value="HotSpot 64-Bit Tiered Compilers"/>
    <property name="java.runtime.version" value="17+35-2724"/>
    <property name="user.name" value="azhel"/>
    <property name="path.separator" value=";"/>
    <property name="os.version" value="10.0"/>
    <property name="java.runtime.name" value="OpenJDK Runtime Environment"/>
    <property name="file.encoding" value="Cp1252"/>
    <property name="java.vm.name" value="OpenJDK 64-Bit Server VM"/>
    <property name="localRepository" value="C:\Users\azhel\.m2\repository"/>
    <property name="java.vendor.url.bug" value="https://bugreport.java.com/bugreport/"/>
    <property name="java.io.tmpdir" value="C:\Users\azhel\AppData\Local\Temp\"/>
    <property name="idea.version" value="2022.1"/>
    <property name="java.version" value="17"/>
    <property name="user.dir" value="C:\Users\azhel\Documents\MainProjectFolder\class-2018-projects-java-AVZhelyazkov18-main\class-2018-projects-java-AVZhelyazkov18-main\MainProject"/>
    <property name="os.arch" value="amd64"/>
    <property name="java.vm.specification.name" value="Java Virtual Machine Specification"/>
    <property name="sun.os.patch.level" value=""/>
    <property name="native.encoding" value="Cp1252"/>
    <property name="java.library.path" value="C:\Users\azhel\.jdks\openjdk-17\bin;C:\WINDOWS\Sun\Java\bin;C:\WINDOWS\system32;C:\WINDOWS;C:\Program Files\Java\jdk-11.0.14\bin;C:\Program Files\Java\jdk-16.0.2\bin;C:\Program Files\Java\jre1.8.0_291\bin;C:\Program Files\Eclipse Foundation\jdk-8.0.302.8-hotspot\bin;C:\Program Files\Microsoft MPI\Bin\;C:\Windows\system32;C:\Windows;C:\Windows\System32\Wbem;C:\Windows\System32\WindowsPowerShell\v1.0\;C:\Windows\System32\OpenSSH\;C:\WINDOWS\system32;C:\WINDOWS;C:\WINDOWS\System32\Wbem;C:\WINDOWS\System32\WindowsPowerShell\v1.0\;C:\WINDOWS\System32\OpenSSH\;C:\WINDOWS\system32;C:\WINDOWS;C:\WINDOWS\System32\Wbem;C:\WINDOWS\System32\WindowsPowerShell\v1.0\;C:\WINDOWS\System32\OpenSSH\;C:\Program Files (x86)\NVIDIA Corporation\PhysX\Common;C:\Program Files\NVIDIA Corporation\NVIDIA NvDLISR;C:\Program Files (x86)\Microsoft SQL Server\150\Tools\Binn\;C:\Program Files\Microsoft SQL Server\150\Tools\Binn\;C:\Program Files (x86)\Microsoft SQL Server\150\DTS\Binn\;C:\Program Files\Microsoft SQL Server\150\DTS\Binn\;C:\Program Files\Microsoft SQL Server\Client SDK\ODBC\170\Tools\Binn\;C:\Program Files\Git\cmd;C:\Program Files\Azure Data Studio\bin;C:\Users\azhel\AppData\Local\Microsoft\WindowsApps;D:\Microsoft VS Code\bin;C:\Program Files\Azure Data Studio\bin;C:\Users\azhel\AppData\Local\GitHubDesktop\bin;C:\Program Files\Azure Data Studio\bin;."/>
    <property name="java.vm.info" value="mixed mode, sharing"/>
    <property name="java.vendor" value="Oracle Corporation"/>
    <property name="java.vm.version" value="17+35-2724"/>
    <property name="sun.io.unicode.encoding" value="UnicodeLittle"/>
    <property name="java.class.version" value="61.0"/>
  </properties>
  <testcase name="shouldAnswerWithTrue" classname="main.AppTest" time="0.003"/>
</testsuite>